<?xml version="1.0" encoding="UTF-8"?>
<testng-results ignored="0" total="1" passed="1" failed="0" skipped="0">
  <reporter-output>
  </reporter-output>
  <suite started-at="2024-04-04T11:37:40 IST" name="Default suite" finished-at="2024-04-04T11:37:51 IST" duration-ms="11290">
    <groups>
    </groups>
    <test started-at="2024-04-04T11:37:40 IST" name="Default test" finished-at="2024-04-04T11:37:51 IST" duration-ms="11290">
      <class name="Test1.Test1">
        <test-method signature="test()[pri:0, instance:Test1.Test1@4f2b503c]" started-at="2024-04-04T11:37:40 IST" name="test" finished-at="2024-04-04T11:37:51 IST" duration-ms="11235" status="PASS">
          <reporter-output>
          </reporter-output>
        </test-method> <!-- test -->
      </class> <!-- Test1.Test1 -->
    </test> <!-- Default test -->
  </suite> <!-- Default suite -->
</testng-results>
