<?xml version="1.0" encoding="UTF-8"?>
<testng-results ignored="0" total="1" passed="1" failed="0" skipped="0">
  <reporter-output>
  </reporter-output>
  <suite started-at="2024-03-28T00:37:36 IST" name="Surefire suite" finished-at="2024-03-28T00:37:48 IST" duration-ms="11203">
    <groups>
    </groups>
    <test started-at="2024-03-28T00:37:36 IST" name="Surefire test" finished-at="2024-03-28T00:37:48 IST" duration-ms="11203">
      <class name="Test1.Test1">
        <test-method signature="test()[pri:0, instance:Test1.Test1@105fece7]" started-at="2024-03-28T00:37:36 IST" name="test" finished-at="2024-03-28T00:37:48 IST" duration-ms="11167" status="PASS">
          <reporter-output>
          </reporter-output>
        </test-method> <!-- test -->
      </class> <!-- Test1.Test1 -->
    </test> <!-- Surefire test -->
  </suite> <!-- Surefire suite -->
</testng-results>
